<?xml version="1.0" encoding="UTF-8"?>
<testng-results total="3" passed="3" failed="0" skipped="0">
  <reporter-output>
    <line>
      <![CDATA[About to begin executing Test  Test Suite Begin...]]>
    </line>
    <line>
      <![CDATA[getting total number of rows]]>
    </line>
    <line>
      <![CDATA[getting total number of rows]]>
    </line>
    <line>
      <![CDATA[getting total number of rows]]>
    </line>
    <line>
      <![CDATA[getting total number of rows]]>
    </line>
    <line>
      <![CDATA[getting total number of rows]]>
    </line>
    <line>
      <![CDATA[getting total number of rows]]>
    </line>
    <line>
      <![CDATA[listOfTestCases=============*****************[Reuse_Login, BookAppointment, Reuse_Logout]]]>
    </line>
    <line>
      <![CDATA[getting total number of rows]]>
    </line>
    <line>
      <![CDATA[getting total number of rows]]>
    </line>
    <line>
      <![CDATA[getting total number of rows]]>
    </line>
    <line>
      <![CDATA[getting total number of rows]]>
    </line>
    <line>
      <![CDATA[getting total number of rows]]>
    </line>
    <line>
      <![CDATA[getting total number of rows]]>
    </line>
    <line>
      <![CDATA[getting total number of rows]]>
    </line>
    <line>
      <![CDATA[getting total number of rows]]>
    </line>
    <line>
      <![CDATA[getting total number of rows]]>
    </line>
    <line>
      <![CDATA[getting total number of rows]]>
    </line>
    <line>
      <![CDATA[getting total number of rows]]>
    </line>
    <line>
      <![CDATA[getting total number of rows]]>
    </line>
    <line>
      <![CDATA[getting total number of rows]]>
    </line>
    <line>
      <![CDATA[getting total number of rows]]>
    </line>
    <line>
      <![CDATA[getting total number of rows]]>
    </line>
    <line>
      <![CDATA[getting total number of rows]]>
    </line>
    <line>
      <![CDATA[getting total number of rows]]>
    </line>
    <line>
      <![CDATA[getting total number of rows]]>
    </line>
    <line>
      <![CDATA[getting total number of rows]]>
    </line>
    <line>
      <![CDATA[getting total number of rows]]>
    </line>
    <line>
      <![CDATA[getting total number of rows]]>
    </line>
    <line>
      <![CDATA[sheetNameReuse_Logout----sheetName, pathOFFileTestSuites&TestCases\TestCases2.xlsx]]>
    </line>
    <line>
      <![CDATA[getting total number of columns]]>
    </line>
    <line>
      <![CDATA[sheetNameBookAppointment----sheetName, pathOFFileTestSuites&TestCases\TestCases2.xlsx]]>
    </line>
    <line>
      <![CDATA[getting total number of columns]]>
    </line>
    <line>
      <![CDATA[sheetNameCapturedObjectProperties----sheetName, pathOFFileTestSuites&TestCases\TestCases2.xlsx]]>
    </line>
    <line>
      <![CDATA[getting total number of columns]]>
    </line>
    <line>
      <![CDATA[sheetNameReuse_Login----sheetName, pathOFFileTestSuites&TestCases\TestCases2.xlsx]]>
    </line>
    <line>
      <![CDATA[getting total number of columns]]>
    </line>
    <line>
      <![CDATA[sheetNamelogin----sheetName, pathOFFileTestSuites&TestCases\TestCases2.xlsx]]>
    </line>
    <line>
      <![CDATA[getting total number of columns]]>
    </line>
    <line>
      <![CDATA[sheetNameBookAppointment_DS----sheetName, pathOFFileTestSuites&TestCases\TestCases2.xlsx]]>
    </line>
    <line>
      <![CDATA[getting total number of columns]]>
    </line>
    <line>
      <![CDATA[sheetNameConstants----sheetName, pathOFFileTestSuites&TestCases\TestCases2.xlsx]]>
    </line>
    <line>
      <![CDATA[getting total number of columns]]>
    </line>
    <line>
      <![CDATA[getting total number of rows]]>
    </line>
    <line>
      <![CDATA[About to start executing Test Reuse_Login]]>
    </line>
    <line>
      <![CDATA[<=========================Begin Of TestStep=========================>]]>
    </line>
    <line>
      <![CDATA[Page ==============================>Login]]>
    </line>
    <line>
      <![CDATA[Object or Locators ================>Inputusername]]>
    </line>
    <line>
      <![CDATA[Action Keyword =====================>enterText]]>
    </line>
    <line>
      <![CDATA[InputData =====================>[John Doe]]]>
    </line>
    <line>
      <![CDATA[testCaseExecution ====>1]]>
    </line>
    <line>
      <![CDATA[																	]]>
    </line>
    <line>
      <![CDATA[																	]]>
    </line>
    <line>
      <![CDATA[Page ==============================>Login]]>
    </line>
    <line>
      <![CDATA[Object or Locators ================>InputPwd]]>
    </line>
    <line>
      <![CDATA[Action Keyword =====================>enterText]]>
    </line>
    <line>
      <![CDATA[InputData =====================>[ThisIsNotAPassword]]]>
    </line>
    <line>
      <![CDATA[testCaseExecution ====>1]]>
    </line>
    <line>
      <![CDATA[																	]]>
    </line>
    <line>
      <![CDATA[																	]]>
    </line>
    <line>
      <![CDATA[Page ==============================>Login]]>
    </line>
    <line>
      <![CDATA[Object or Locators ================>Clicklogin]]>
    </line>
    <line>
      <![CDATA[Action Keyword =====================>click]]>
    </line>
    <line>
      <![CDATA[InputData =====================>[Clicked]]]>
    </line>
    <line>
      <![CDATA[testCaseExecution ====>1]]>
    </line>
    <line>
      <![CDATA[																	]]>
    </line>
    <line>
      <![CDATA[																	]]>
    </line>
    <line>
      <![CDATA[Test case name :Reuse_Login]]>
    </line>
    <line>
      <![CDATA[Test Status: Pass]]>
    </line>
    <line>
      <![CDATA[<=========================End Of TestStep=========================>]]>
    </line>
    <line>
      <![CDATA[																		]]>
    </line>
    <line>
      <![CDATA[Test Case Name :Reuse_Login]]>
    </line>
    <line>
      <![CDATA[About to start executing Test BookAppointment]]>
    </line>
    <line>
      <![CDATA[<=========================Begin Of TestStep=========================>]]>
    </line>
    <line>
      <![CDATA[Page ==============================>BookAppointmentPage]]>
    </line>
    <line>
      <![CDATA[Object or Locators ================>select facility]]>
    </line>
    <line>
      <![CDATA[Action Keyword =====================>selectDropDownByVisibleText]]>
    </line>
    <line>
      <![CDATA[InputData =====================>[Hongkong CURA Healthcare Center]]]>
    </line>
    <line>
      <![CDATA[testCaseExecution ====>1]]>
    </line>
    <line>
      <![CDATA[																	]]>
    </line>
    <line>
      <![CDATA[																	]]>
    </line>
    <line>
      <![CDATA[Page ==============================>BookAppointmentPage]]>
    </line>
    <line>
      <![CDATA[Object or Locators ================>hospitalreadmission]]>
    </line>
    <line>
      <![CDATA[Action Keyword =====================>click]]>
    </line>
    <line>
      <![CDATA[InputData =====================>[Clicked]]]>
    </line>
    <line>
      <![CDATA[testCaseExecution ====>1]]>
    </line>
    <line>
      <![CDATA[																	]]>
    </line>
    <line>
      <![CDATA[																	]]>
    </line>
    <line>
      <![CDATA[Page ==============================>BookAppointmentPage]]>
    </line>
    <line>
      <![CDATA[Object or Locators ================>healthcarepgm]]>
    </line>
    <line>
      <![CDATA[Action Keyword =====================>selectRadioButton]]>
    </line>
    <line>
      <![CDATA[InputData =====================>[Clicked]]]>
    </line>
    <line>
      <![CDATA[testCaseExecution ====>1]]>
    </line>
    <line>
      <![CDATA[																	]]>
    </line>
    <line>
      <![CDATA[																	]]>
    </line>
    <line>
      <![CDATA[Page ==============================>BookAppointmentPage]]>
    </line>
    <line>
      <![CDATA[Object or Locators ================>visitdate]]>
    </line>
    <line>
      <![CDATA[Action Keyword =====================>enterText]]>
    </line>
    <line>
      <![CDATA[InputData =====================>[17/12/2018]]]>
    </line>
    <line>
      <![CDATA[testCaseExecution ====>1]]>
    </line>
    <line>
      <![CDATA[																	]]>
    </line>
    <line>
      <![CDATA[																	]]>
    </line>
    <line>
      <![CDATA[Page ==============================>BookAppointmentPage]]>
    </line>
    <line>
      <![CDATA[Object or Locators ================>comment]]>
    </line>
    <line>
      <![CDATA[Action Keyword =====================>enterText]]>
    </line>
    <line>
      <![CDATA[InputData =====================>[Blood pressure Electrocardiogram(ECG)
 blood sugar level]]]>
    </line>
    <line>
      <![CDATA[testCaseExecution ====>1]]>
    </line>
    <line>
      <![CDATA[																	]]>
    </line>
    <line>
      <![CDATA[																	]]>
    </line>
    <line>
      <![CDATA[Page ==============================>BookAppointmentPage]]>
    </line>
    <line>
      <![CDATA[Object or Locators ================>BookAppointment]]>
    </line>
    <line>
      <![CDATA[Action Keyword =====================>click]]>
    </line>
    <line>
      <![CDATA[InputData =====================>[Clicked]]]>
    </line>
    <line>
      <![CDATA[testCaseExecution ====>1]]>
    </line>
    <line>
      <![CDATA[																	]]>
    </line>
    <line>
      <![CDATA[																	]]>
    </line>
    <line>
      <![CDATA[Page ==============================>BookAppointmentPage]]>
    </line>
    <line>
      <![CDATA[Object or Locators ================>confirm appointment]]>
    </line>
    <line>
      <![CDATA[Action Keyword =====================>verifyText]]>
    </line>
    <line>
      <![CDATA[InputData =====================>[Appointment Confirmation]]]>
    </line>
    <line>
      <![CDATA[testCaseExecution ====>1]]>
    </line>
    <line>
      <![CDATA[																	]]>
    </line>
    <line>
      <![CDATA[																	]]>
    </line>
    <line>
      <![CDATA[Page ==============================>null]]>
    </line>
    <line>
      <![CDATA[Object or Locators ================>null]]>
    </line>
    <line>
      <![CDATA[Action Keyword =====================>null]]>
    </line>
    <line>
      <![CDATA[Test case name :BookAppointment]]>
    </line>
    <line>
      <![CDATA[Test Status: Pass]]>
    </line>
    <line>
      <![CDATA[<=========================End Of TestStep=========================>]]>
    </line>
    <line>
      <![CDATA[																		]]>
    </line>
    <line>
      <![CDATA[Test Case Name :BookAppointment]]>
    </line>
    <line>
      <![CDATA[About to start executing Test Reuse_Logout]]>
    </line>
    <line>
      <![CDATA[<=========================Begin Of TestStep=========================>]]>
    </line>
    <line>
      <![CDATA[Page ==============================>BookAppointmentPage]]>
    </line>
    <line>
      <![CDATA[Object or Locators ================>logoutmenu]]>
    </line>
    <line>
      <![CDATA[Action Keyword =====================>click]]>
    </line>
    <line>
      <![CDATA[InputData =====================>[Clicked]]]>
    </line>
    <line>
      <![CDATA[testCaseExecution ====>1]]>
    </line>
    <line>
      <![CDATA[																	]]>
    </line>
    <line>
      <![CDATA[																	]]>
    </line>
    <line>
      <![CDATA[Page ==============================>BookAppointmentPage]]>
    </line>
    <line>
      <![CDATA[Object or Locators ================>logout]]>
    </line>
    <line>
      <![CDATA[Action Keyword =====================>click]]>
    </line>
    <line>
      <![CDATA[InputData =====================>[Clicked]]]>
    </line>
    <line>
      <![CDATA[testCaseExecution ====>1]]>
    </line>
    <line>
      <![CDATA[																	]]>
    </line>
    <line>
      <![CDATA[																	]]>
    </line>
    <line>
      <![CDATA[Page ==============================>BookAppointmentPage]]>
    </line>
    <line>
      <![CDATA[Object or Locators ================>closebrowser]]>
    </line>
    <line>
      <![CDATA[Action Keyword =====================>quit]]>
    </line>
    <line>
      <![CDATA[InputData =====================>[NA]]]>
    </line>
    <line>
      <![CDATA[testCaseExecution ====>1]]>
    </line>
    <line>
      <![CDATA[																	]]>
    </line>
    <line>
      <![CDATA[																	]]>
    </line>
    <line>
      <![CDATA[Test case name :Reuse_Logout]]>
    </line>
    <line>
      <![CDATA[Test Status: Pass]]>
    </line>
    <line>
      <![CDATA[<=========================End Of TestStep=========================>]]>
    </line>
    <line>
      <![CDATA[																		]]>
    </line>
    <line>
      <![CDATA[Test Case Name :Reuse_Logout]]>
    </line>
  </reporter-output>
  <suite started-at="2018-12-07T07:10:45Z" name="Test Suite" finished-at="2018-12-07T07:11:48Z" duration-ms="62308">
    <groups>
    </groups>
    <test started-at="2018-12-07T07:10:45Z" name=" Test Suite Begin..." finished-at="2018-12-07T07:11:48Z" duration-ms="62308">
      <class name="com.actions.ExecuteTestCases">
        <test-method is-config="true" signature="setup()[pri:0, instance:com.actions.ExecuteTestCases@2fdde338]" started-at="2018-12-07T12:40:46Z" name="setup" test-instance-name=" " finished-at="2018-12-07T12:40:53Z" duration-ms="7408" status="PASS">
          <reporter-output>
            <line>
              <![CDATA[getting total number of rows]]>
            </line>
            <line>
              <![CDATA[getting total number of rows]]>
            </line>
            <line>
              <![CDATA[getting total number of rows]]>
            </line>
            <line>
              <![CDATA[getting total number of rows]]>
            </line>
            <line>
              <![CDATA[getting total number of rows]]>
            </line>
            <line>
              <![CDATA[getting total number of rows]]>
            </line>
            <line>
              <![CDATA[listOfTestCases=============*****************[Reuse_Login, BookAppointment, Reuse_Logout]]]>
            </line>
            <line>
              <![CDATA[getting total number of rows]]>
            </line>
            <line>
              <![CDATA[getting total number of rows]]>
            </line>
            <line>
              <![CDATA[getting total number of rows]]>
            </line>
            <line>
              <![CDATA[getting total number of rows]]>
            </line>
            <line>
              <![CDATA[getting total number of rows]]>
            </line>
            <line>
              <![CDATA[getting total number of rows]]>
            </line>
            <line>
              <![CDATA[getting total number of rows]]>
            </line>
            <line>
              <![CDATA[getting total number of rows]]>
            </line>
            <line>
              <![CDATA[getting total number of rows]]>
            </line>
            <line>
              <![CDATA[getting total number of rows]]>
            </line>
            <line>
              <![CDATA[getting total number of rows]]>
            </line>
            <line>
              <![CDATA[getting total number of rows]]>
            </line>
            <line>
              <![CDATA[getting total number of rows]]>
            </line>
            <line>
              <![CDATA[getting total number of rows]]>
            </line>
            <line>
              <![CDATA[getting total number of rows]]>
            </line>
            <line>
              <![CDATA[getting total number of rows]]>
            </line>
            <line>
              <![CDATA[getting total number of rows]]>
            </line>
            <line>
              <![CDATA[getting total number of rows]]>
            </line>
            <line>
              <![CDATA[getting total number of rows]]>
            </line>
            <line>
              <![CDATA[getting total number of rows]]>
            </line>
            <line>
              <![CDATA[getting total number of rows]]>
            </line>
            <line>
              <![CDATA[sheetNameReuse_Logout----sheetName, pathOFFileTestSuites&TestCases\TestCases2.xlsx]]>
            </line>
            <line>
              <![CDATA[getting total number of columns]]>
            </line>
            <line>
              <![CDATA[sheetNameBookAppointment----sheetName, pathOFFileTestSuites&TestCases\TestCases2.xlsx]]>
            </line>
            <line>
              <![CDATA[getting total number of columns]]>
            </line>
            <line>
              <![CDATA[sheetNameCapturedObjectProperties----sheetName, pathOFFileTestSuites&TestCases\TestCases2.xlsx]]>
            </line>
            <line>
              <![CDATA[getting total number of columns]]>
            </line>
            <line>
              <![CDATA[sheetNameReuse_Login----sheetName, pathOFFileTestSuites&TestCases\TestCases2.xlsx]]>
            </line>
            <line>
              <![CDATA[getting total number of columns]]>
            </line>
            <line>
              <![CDATA[sheetNamelogin----sheetName, pathOFFileTestSuites&TestCases\TestCases2.xlsx]]>
            </line>
            <line>
              <![CDATA[getting total number of columns]]>
            </line>
            <line>
              <![CDATA[sheetNameBookAppointment_DS----sheetName, pathOFFileTestSuites&TestCases\TestCases2.xlsx]]>
            </line>
            <line>
              <![CDATA[getting total number of columns]]>
            </line>
            <line>
              <![CDATA[sheetNameConstants----sheetName, pathOFFileTestSuites&TestCases\TestCases2.xlsx]]>
            </line>
            <line>
              <![CDATA[getting total number of columns]]>
            </line>
            <line>
              <![CDATA[getting total number of rows]]>
            </line>
          </reporter-output>
        </test-method> <!-- setup -->
        <test-method is-config="true" signature="testData([Ljava.lang.Object;)[pri:0, instance:com.actions.ExecuteTestCases@2fdde338]" started-at="2018-12-07T12:40:53Z" name="testData" test-instance-name=" " finished-at="2018-12-07T12:40:53Z" duration-ms="1" status="PASS">
          <params>
            <param index="0">
              <value>
                <![CDATA[[Ljava.lang.Object;@16cdfa95]]>
              </value>
            </param>
          </params>
          <reporter-output>
          </reporter-output>
        </test-method> <!-- testData -->
        <test-method signature="InitialTest(java.lang.String)[pri:0, instance:com.actions.ExecuteTestCases@2fdde338]" started-at="2018-12-07T12:40:53Z" name="Reuse_Logout" data-provider="dp" test-instance-name=" " finished-at="2018-12-07T12:41:07Z" duration-ms="14086" status="PASS">
          <params>
            <param index="0">
              <value>
                <![CDATA[Reuse_Login]]>
              </value>
            </param>
          </params>
          <reporter-output>
            <line>
              <![CDATA[<=========================Begin Of TestStep=========================>]]>
            </line>
            <line>
              <![CDATA[Page ==============================>Login]]>
            </line>
            <line>
              <![CDATA[Object or Locators ================>Inputusername]]>
            </line>
            <line>
              <![CDATA[Action Keyword =====================>enterText]]>
            </line>
            <line>
              <![CDATA[InputData =====================>[John Doe]]]>
            </line>
            <line>
              <![CDATA[testCaseExecution ====>1]]>
            </line>
            <line>
              <![CDATA[																	]]>
            </line>
            <line>
              <![CDATA[																	]]>
            </line>
            <line>
              <![CDATA[Page ==============================>Login]]>
            </line>
            <line>
              <![CDATA[Object or Locators ================>InputPwd]]>
            </line>
            <line>
              <![CDATA[Action Keyword =====================>enterText]]>
            </line>
            <line>
              <![CDATA[InputData =====================>[ThisIsNotAPassword]]]>
            </line>
            <line>
              <![CDATA[testCaseExecution ====>1]]>
            </line>
            <line>
              <![CDATA[																	]]>
            </line>
            <line>
              <![CDATA[																	]]>
            </line>
            <line>
              <![CDATA[Page ==============================>Login]]>
            </line>
            <line>
              <![CDATA[Object or Locators ================>Clicklogin]]>
            </line>
            <line>
              <![CDATA[Action Keyword =====================>click]]>
            </line>
            <line>
              <![CDATA[InputData =====================>[Clicked]]]>
            </line>
            <line>
              <![CDATA[testCaseExecution ====>1]]>
            </line>
            <line>
              <![CDATA[																	]]>
            </line>
            <line>
              <![CDATA[																	]]>
            </line>
            <line>
              <![CDATA[Test case name :Reuse_Login]]>
            </line>
            <line>
              <![CDATA[Test Status: Pass]]>
            </line>
            <line>
              <![CDATA[<=========================End Of TestStep=========================>]]>
            </line>
            <line>
              <![CDATA[																		]]>
            </line>
          </reporter-output>
        </test-method> <!-- Reuse_Logout -->
        <test-method is-config="true" signature="setResultTestName(org.testng.ITestResult)[pri:0, instance:com.actions.ExecuteTestCases@2fdde338]" started-at="2018-12-07T12:41:07Z" name="setResultTestName" test-instance-name=" " finished-at="2018-12-07T12:41:07Z" duration-ms="1" status="PASS">
          <params>
            <param index="0">
              <value>
                <![CDATA[[TestResult name=Reuse_Login status=SUCCESS method=ExecuteTestCases.InitialTest(java.lang.String)[pri:0, instance:com.actions.ExecuteTestCases@2fdde338] output=<=========================Begin Of TestStep=========================>]]]>
              </value>
            </param>
          </params>
          <reporter-output>
            <line>
              <![CDATA[Test Case Name :Reuse_Login]]>
            </line>
          </reporter-output>
        </test-method> <!-- setResultTestName -->
        <test-method signature="InitialTest(java.lang.String)[pri:0, instance:com.actions.ExecuteTestCases@2fdde338]" started-at="2018-12-07T12:41:07Z" name="Reuse_Logout" data-provider="dp" test-instance-name=" " finished-at="2018-12-07T12:41:34Z" duration-ms="27001" status="PASS">
          <params>
            <param index="0">
              <value>
                <![CDATA[BookAppointment]]>
              </value>
            </param>
          </params>
          <reporter-output>
            <line>
              <![CDATA[<=========================Begin Of TestStep=========================>]]>
            </line>
            <line>
              <![CDATA[Page ==============================>BookAppointmentPage]]>
            </line>
            <line>
              <![CDATA[Object or Locators ================>select facility]]>
            </line>
            <line>
              <![CDATA[Action Keyword =====================>selectDropDownByVisibleText]]>
            </line>
            <line>
              <![CDATA[InputData =====================>[Hongkong CURA Healthcare Center]]]>
            </line>
            <line>
              <![CDATA[testCaseExecution ====>1]]>
            </line>
            <line>
              <![CDATA[																	]]>
            </line>
            <line>
              <![CDATA[																	]]>
            </line>
            <line>
              <![CDATA[Page ==============================>BookAppointmentPage]]>
            </line>
            <line>
              <![CDATA[Object or Locators ================>hospitalreadmission]]>
            </line>
            <line>
              <![CDATA[Action Keyword =====================>click]]>
            </line>
            <line>
              <![CDATA[InputData =====================>[Clicked]]]>
            </line>
            <line>
              <![CDATA[testCaseExecution ====>1]]>
            </line>
            <line>
              <![CDATA[																	]]>
            </line>
            <line>
              <![CDATA[																	]]>
            </line>
            <line>
              <![CDATA[Page ==============================>BookAppointmentPage]]>
            </line>
            <line>
              <![CDATA[Object or Locators ================>healthcarepgm]]>
            </line>
            <line>
              <![CDATA[Action Keyword =====================>selectRadioButton]]>
            </line>
            <line>
              <![CDATA[InputData =====================>[Clicked]]]>
            </line>
            <line>
              <![CDATA[testCaseExecution ====>1]]>
            </line>
            <line>
              <![CDATA[																	]]>
            </line>
            <line>
              <![CDATA[																	]]>
            </line>
            <line>
              <![CDATA[Page ==============================>BookAppointmentPage]]>
            </line>
            <line>
              <![CDATA[Object or Locators ================>visitdate]]>
            </line>
            <line>
              <![CDATA[Action Keyword =====================>enterText]]>
            </line>
            <line>
              <![CDATA[InputData =====================>[17/12/2018]]]>
            </line>
            <line>
              <![CDATA[testCaseExecution ====>1]]>
            </line>
            <line>
              <![CDATA[																	]]>
            </line>
            <line>
              <![CDATA[																	]]>
            </line>
            <line>
              <![CDATA[Page ==============================>BookAppointmentPage]]>
            </line>
            <line>
              <![CDATA[Object or Locators ================>comment]]>
            </line>
            <line>
              <![CDATA[Action Keyword =====================>enterText]]>
            </line>
            <line>
              <![CDATA[InputData =====================>[Blood pressure Electrocardiogram(ECG)
 blood sugar level]]]>
            </line>
            <line>
              <![CDATA[testCaseExecution ====>1]]>
            </line>
            <line>
              <![CDATA[																	]]>
            </line>
            <line>
              <![CDATA[																	]]>
            </line>
            <line>
              <![CDATA[Page ==============================>BookAppointmentPage]]>
            </line>
            <line>
              <![CDATA[Object or Locators ================>BookAppointment]]>
            </line>
            <line>
              <![CDATA[Action Keyword =====================>click]]>
            </line>
            <line>
              <![CDATA[InputData =====================>[Clicked]]]>
            </line>
            <line>
              <![CDATA[testCaseExecution ====>1]]>
            </line>
            <line>
              <![CDATA[																	]]>
            </line>
            <line>
              <![CDATA[																	]]>
            </line>
            <line>
              <![CDATA[Page ==============================>BookAppointmentPage]]>
            </line>
            <line>
              <![CDATA[Object or Locators ================>confirm appointment]]>
            </line>
            <line>
              <![CDATA[Action Keyword =====================>verifyText]]>
            </line>
            <line>
              <![CDATA[InputData =====================>[Appointment Confirmation]]]>
            </line>
            <line>
              <![CDATA[testCaseExecution ====>1]]>
            </line>
            <line>
              <![CDATA[																	]]>
            </line>
            <line>
              <![CDATA[																	]]>
            </line>
            <line>
              <![CDATA[Page ==============================>null]]>
            </line>
            <line>
              <![CDATA[Object or Locators ================>null]]>
            </line>
            <line>
              <![CDATA[Action Keyword =====================>null]]>
            </line>
            <line>
              <![CDATA[Test case name :BookAppointment]]>
            </line>
            <line>
              <![CDATA[Test Status: Pass]]>
            </line>
            <line>
              <![CDATA[<=========================End Of TestStep=========================>]]>
            </line>
            <line>
              <![CDATA[																		]]>
            </line>
          </reporter-output>
        </test-method> <!-- Reuse_Logout -->
        <test-method is-config="true" signature="testData([Ljava.lang.Object;)[pri:0, instance:com.actions.ExecuteTestCases@2fdde338]" started-at="2018-12-07T12:41:07Z" name="testData" test-instance-name=" " finished-at="2018-12-07T12:41:07Z" duration-ms="0" status="PASS">
          <params>
            <param index="0">
              <value>
                <![CDATA[[Ljava.lang.Object;@33262db9]]>
              </value>
            </param>
          </params>
          <reporter-output>
          </reporter-output>
        </test-method> <!-- testData -->
        <test-method is-config="true" signature="setResultTestName(org.testng.ITestResult)[pri:0, instance:com.actions.ExecuteTestCases@2fdde338]" started-at="2018-12-07T12:41:34Z" name="setResultTestName" test-instance-name=" " finished-at="2018-12-07T12:41:34Z" duration-ms="0" status="PASS">
          <params>
            <param index="0">
              <value>
                <![CDATA[[TestResult name=BookAppointment status=SUCCESS method=ExecuteTestCases.InitialTest(java.lang.String)[pri:0, instance:com.actions.ExecuteTestCases@2fdde338] output=<=========================Begin Of TestStep=========================>]]]>
              </value>
            </param>
          </params>
          <reporter-output>
            <line>
              <![CDATA[Test Case Name :BookAppointment]]>
            </line>
          </reporter-output>
        </test-method> <!-- setResultTestName -->
        <test-method is-config="true" signature="testData([Ljava.lang.Object;)[pri:0, instance:com.actions.ExecuteTestCases@2fdde338]" started-at="2018-12-07T12:41:34Z" name="testData" test-instance-name=" " finished-at="2018-12-07T12:41:34Z" duration-ms="0" status="PASS">
          <params>
            <param index="0">
              <value>
                <![CDATA[[Ljava.lang.Object;@1f065908]]>
              </value>
            </param>
          </params>
          <reporter-output>
          </reporter-output>
        </test-method> <!-- testData -->
        <test-method signature="InitialTest(java.lang.String)[pri:0, instance:com.actions.ExecuteTestCases@2fdde338]" started-at="2018-12-07T12:41:34Z" name="Reuse_Logout" data-provider="dp" test-instance-name=" " finished-at="2018-12-07T12:41:48Z" duration-ms="13775" status="PASS">
          <params>
            <param index="0">
              <value>
                <![CDATA[Reuse_Logout]]>
              </value>
            </param>
          </params>
          <reporter-output>
            <line>
              <![CDATA[<=========================Begin Of TestStep=========================>]]>
            </line>
            <line>
              <![CDATA[Page ==============================>BookAppointmentPage]]>
            </line>
            <line>
              <![CDATA[Object or Locators ================>logoutmenu]]>
            </line>
            <line>
              <![CDATA[Action Keyword =====================>click]]>
            </line>
            <line>
              <![CDATA[InputData =====================>[Clicked]]]>
            </line>
            <line>
              <![CDATA[testCaseExecution ====>1]]>
            </line>
            <line>
              <![CDATA[																	]]>
            </line>
            <line>
              <![CDATA[																	]]>
            </line>
            <line>
              <![CDATA[Page ==============================>BookAppointmentPage]]>
            </line>
            <line>
              <![CDATA[Object or Locators ================>logout]]>
            </line>
            <line>
              <![CDATA[Action Keyword =====================>click]]>
            </line>
            <line>
              <![CDATA[InputData =====================>[Clicked]]]>
            </line>
            <line>
              <![CDATA[testCaseExecution ====>1]]>
            </line>
            <line>
              <![CDATA[																	]]>
            </line>
            <line>
              <![CDATA[																	]]>
            </line>
            <line>
              <![CDATA[Page ==============================>BookAppointmentPage]]>
            </line>
            <line>
              <![CDATA[Object or Locators ================>closebrowser]]>
            </line>
            <line>
              <![CDATA[Action Keyword =====================>quit]]>
            </line>
            <line>
              <![CDATA[InputData =====================>[NA]]]>
            </line>
            <line>
              <![CDATA[testCaseExecution ====>1]]>
            </line>
            <line>
              <![CDATA[																	]]>
            </line>
            <line>
              <![CDATA[																	]]>
            </line>
            <line>
              <![CDATA[Test case name :Reuse_Logout]]>
            </line>
            <line>
              <![CDATA[Test Status: Pass]]>
            </line>
            <line>
              <![CDATA[<=========================End Of TestStep=========================>]]>
            </line>
            <line>
              <![CDATA[																		]]>
            </line>
          </reporter-output>
        </test-method> <!-- Reuse_Logout -->
        <test-method is-config="true" signature="setResultTestName(org.testng.ITestResult)[pri:0, instance:com.actions.ExecuteTestCases@2fdde338]" started-at="2018-12-07T12:41:48Z" name="setResultTestName" test-instance-name=" " finished-at="2018-12-07T12:41:48Z" duration-ms="3" status="PASS">
          <params>
            <param index="0">
              <value>
                <![CDATA[[TestResult name=Reuse_Logout status=SUCCESS method=ExecuteTestCases.InitialTest(java.lang.String)[pri:0, instance:com.actions.ExecuteTestCases@2fdde338] output=<=========================Begin Of TestStep=========================>]]]>
              </value>
            </param>
          </params>
          <reporter-output>
            <line>
              <![CDATA[Test Case Name :Reuse_Logout]]>
            </line>
          </reporter-output>
        </test-method> <!-- setResultTestName -->
        <test-method is-config="true" signature="cleanup()[pri:0, instance:com.actions.ExecuteTestCases@2fdde338]" started-at="2018-12-07T12:41:48Z" name="cleanup" test-instance-name=" " finished-at="2018-12-07T12:41:48Z" duration-ms="0" status="PASS">
          <reporter-output>
          </reporter-output>
        </test-method> <!-- cleanup -->
      </class> <!-- com.actions.ExecuteTestCases -->
    </test> <!--  Test Suite Begin... -->
  </suite> <!-- Test Suite -->
</testng-results>
