<?xml version="1.0" encoding="UTF-8"?>
<!-- Generated by org.testng.reporters.JUnitXMLReporter -->
<testsuite hostname="SRV03WAP101" failures="0" tests="3" name=" Test Suite Begin..." time="62.308" errors="0" timestamp="7 Dec 2018 07:11:48 GMT">
  <testcase classname="com.actions.ExecuteTestCases" name="Reuse_Login" time="14.086"/>
  <testcase classname="com.actions.ExecuteTestCases" name="BookAppointment" time="27.001"/>
  <testcase classname="com.actions.ExecuteTestCases" name="Reuse_Logout" time="13.775"/>
</testsuite> <!--  Test Suite Begin... -->
