<?xml version="1.0" encoding="UTF-8"?>
<!-- Generated by org.testng.reporters.JUnitXMLReporter -->
<testsuite hostname="SRV03WAP101" failures="0" tests="0" name="Test" time="0.295" errors="0" timestamp="14 Dec 2018 09:16:47 GMT">
  <testcase classname="com.actions.ExecuteTestCases" name="@BeforeClass setup" time="0.0">
    <failure type="java.lang.NullPointerException">
      <![CDATA[java.lang.NullPointerException
	at util.ReadConfigProperty.getConfigValues(ReadConfigProperty.java:46)
	at util.ExcelAction.readTestCaseInExcel(ExcelAction.java:295)
	at com.actions.ExecuteTestCases.setup(ExecuteTestCases.java:83)
... Removed 24 stack frames]]>
    </failure>
  </testcase> <!-- @BeforeClass setup -->
  <testcase classname="com.actions.ExecuteTestCases" name="@AfterClass cleanup" time="0.0">
    <skipped/>
  </testcase> <!-- @AfterClass cleanup -->
</testsuite> <!-- Test -->
