<?xml version="1.0" encoding="UTF-8"?>
<!-- Generated by org.testng.reporters.JUnitXMLReporter -->
<testsuite hostname="SRV03WAP101" failures="0" tests="3" name=" Test Suites Report" time="65.497" errors="0" timestamp="14 Dec 2018 12:37:21 GMT">
  <testcase classname="com.actions.ExecuteTestCases" name="Reuse_Login" time="14.411"/>
  <testcase classname="com.actions.ExecuteTestCases" name="BookAppointment" time="27.247"/>
  <testcase classname="com.actions.ExecuteTestCases" name="Reuse_Logout" time="13.91"/>
</testsuite> <!--  Test Suites Report -->
